GROUP,PACKAGE,CLASS,INSTRUCTION_MISSED,INSTRUCTION_COVERED,BRANCH_MISSED,BRANCH_COVERED,LINE_MISSED,LINE_COVERED,COMPLEXITY_MISSED,COMPLEXITY_COVERED,METHOD_MISSED,METHOD_COVERED
client,Drawing,UserThread,73,0,4,0,17,0,4,0,2,0
client,Drawing,DrawCurves,97,0,4,0,19,0,4,0,2,0
client,Drawing,ParseCommand,77,102,14,9,2,21,12,8,5,3
client,Drawing,BezierMethod,186,121,27,9,10,17,22,8,8,4
client,default,UserClientApplication,24,0,0,0,6,0,2,0,2,0
client,Model,Command,181,31,38,0,0,6,23,9,4,9
client,Model,LineModel,88,0,14,0,6,0,14,0,7,0
client,View,FramePanel,209,0,30,0,12,0,27,0,12,0
client,View,UserGUI,20,0,0,0,7,0,1,0,1,0
